Running script...

paths found for loading
Feat_twofoldsrat_fulldataset_Inderfold_0.json
SVM done 0.8132295719844358
Lda done 0.8132295719844358
DT done 0.7250324254215305
RF done 0.8261997405966277
fold 0 completet
SVM done 0.8660826032540676
Lda done 0.8610763454317898
DT done 0.7296620775969962
RF done 0.8085106382978723
fold 1 completet
SVM done 0.825
Lda done 0.84625
DT done 0.7325
RF done 0.82375
fold 2 completet
SVM done 0.824203821656051
Lda done 0.8178343949044586
DT done 0.759235668789809
RF done 0.8012738853503185
fold 3 completet
SVM done 0.7925
Lda done 0.77125
DT done 0.73
RF done 0.785
fold 4 completet
Best classifyer SVM
SVM done 0.8546168958742633
fold 0 completet
Feat_twofoldsrat_fulldataset_Inderfold_1.json
SVM done 0.843520782396088
Lda done 0.8361858190709046
DT done 0.7689486552567237
RF done 0.8056234718826406
fold 0 completet
SVM done 0.8548185231539425
Lda done 0.8523153942428036
DT done 0.7509386733416771
RF done 0.8072590738423029
fold 1 completet
SVM done 0.7775
Lda done 0.77
DT done 0.7
RF done 0.79
fold 2 completet
SVM done 0.8021108179419525
Lda done 0.8126649076517151
DT done 0.737467018469657
RF done 0.816622691292876
fold 3 completet
SVM done 0.8320802005012531
Lda done 0.8295739348370927
DT done 0.7230576441102757
RF done 0.8220551378446115
fold 4 completet
Best classifyer SVM
SVM done 0.833
fold 0 completet
Feat_twofoldsrat_fulldataset_Inderfold_2.json
SVM done 0.843520782396088
Lda done 0.8459657701711492
DT done 0.7555012224938875
RF done 0.8092909535452323
fold 0 completet
SVM done 0.8607277289836889
Lda done 0.835633626097867
DT done 0.7691342534504392
RF done 0.8067754077791719
fold 1 completet
SVM done 0.8625
Lda done 0.865
DT done 0.76625
RF done 0.81375
fold 2 completet
SVM done 0.8
Lda done 0.82125
DT done 0.70625
RF done 0.80125
fold 3 completet
SVM done 0.8272841051314143
Lda done 0.8097622027534418
DT done 0.7008760951188986
RF done 0.7884856070087609
fold 4 completet
Best classifyer SVM
SVM done 0.7653806047966631
fold 0 completet
Feat_twofoldsrat_fulldataset_Inderfold_3.json
SVM done 0.7330917874396136
Lda done 0.7475845410628019
DT done 0.6920289855072463
RF done 0.7548309178743962
fold 0 completet
SVM done 0.88125
Lda done 0.86625
DT done 0.7075
RF done 0.7975
fold 1 completet
SVM done 0.82625
Lda done 0.84
DT done 0.7625
RF done 0.8125
fold 2 completet
SVM done 0.7948051948051948
Lda done 0.8155844155844156
DT done 0.7
RF done 0.8363636363636363
fold 3 completet
SVM done 0.8868894601542416
Lda done 0.897172236503856
DT done 0.8046272493573264
RF done 0.8637532133676092
fold 4 completet
Best classifyer LDA
Lda done 0.8284854563691073
fold 0 completet
Feat_twofoldsrat_fulldataset_Inderfold_4.json
SVM done 0.8337408312958435
Lda done 0.8471882640586798
DT done 0.7555012224938875
RF done 0.8056234718826406
fold 0 completet
SVM done 0.82625
Lda done 0.83625
DT done 0.71375
RF done 0.79875
fold 1 completet
SVM done 0.72
Lda done 0.745
DT done 0.68625
RF done 0.8
fold 2 completet
SVM done 0.7506596306068601
Lda done 0.7467018469656992
DT done 0.6477572559366754
RF done 0.741424802110818
fold 3 completet
SVM done 0.8872180451127819
Lda done 0.8884711779448622
DT done 0.7982456140350878
RF done 0.8095238095238095
fold 4 completet
Best classifyer LDA
Lda done 0.8308308308308309
fold 0 completet
Done
