Running script...

paths found for loading
Feture_twofold_Inderfold_0.json
SVM done 0.8928939237899073
Lda done 0.8990731204943357
DT done 0.8300720906282183
RF done 0.917610710607621
fold 0 completet
SVM done 0.8066528066528067
Lda done 0.8097713097713097
DT done 0.8201663201663202
RF done 0.8513513513513513
fold 1 completet
SVM done 0.8132094943240454
Lda done 0.7770897832817337
DT done 0.8028895768833849
RF done 0.804953560371517
fold 2 completet
SVM done 0.814
Lda done 0.784
DT done 0.783
RF done 0.735
fold 3 completet
SVM done 0.875
Lda done 0.8398760330578512
DT done 0.8398760330578512
RF done 0.871900826446281
fold 4 completet
Best classifyer SVM
SVM done 0.786923076923077
fold 0 completet
Feture_twofold_Inderfold_1.json
SVM done 0.8299319727891157
Lda done 0.8017492711370262
DT done 0.826044703595724
RF done 0.8522837706511176
fold 0 completet
SVM done 0.705050505050505
Lda done 0.6777777777777778
DT done 0.6686868686868687
RF done 0.6616161616161617
fold 1 completet
SVM done 0.7316821465428277
Lda done 0.7358101135190919
DT done 0.7058823529411765
RF done 0.7327141382868937
fold 2 completet
SVM done 0.9112008072653885
Lda done 0.9162462159434914
DT done 0.8597376387487387
RF done 0.9132189707366297
fold 3 completet
SVM done 0.7800212539851222
Lda done 0.7534537725823592
DT done 0.7863974495217854
RF done 0.8150903294367694
fold 4 completet
Best classifyer RF
RF done 0.732
fold 0 completet
Feture_twofold_Inderfold_2.json
SVM done 0.7427184466019418
Lda done 0.7349514563106796
DT done 0.7126213592233009
RF done 0.7504854368932039
fold 0 completet
SVM done 0.859
Lda done 0.871
DT done 0.842
RF done 0.896
fold 1 completet
SVM done 0.914572864321608
Lda done 0.9055276381909547
DT done 0.8874371859296483
RF done 0.9326633165829146
fold 2 completet
SVM done 0.7681912681912682
Lda done 0.7661122661122661
DT done 0.7141372141372141
RF done 0.7442827442827443
fold 3 completet
SVM done 0.814
Lda done 0.809
DT done 0.765
RF done 0.852
fold 4 completet
Best classifyer RF
RF done 0.7819103972950127
fold 0 completet
Feture_twofold_Inderfold_3.json
SVM done 0.7023809523809523
Lda done 0.7420634920634921
DT done 0.7361111111111112
RF done 0.7390873015873016
fold 0 completet
SVM done 0.8010101010101011
Lda done 0.8333333333333334
DT done 0.798989898989899
RF done 0.8393939393939394
fold 1 completet
SVM done 0.802
Lda done 0.758
DT done 0.78
RF done 0.835
fold 2 completet
SVM done 0.6302349336057201
Lda done 0.7967313585291114
DT done 0.6087844739530133
RF done 0.609805924412666
fold 3 completet
SVM done 0.727177334732424
Lda done 0.8153200419727177
DT done 0.7586568730325288
RF done 0.8719832109129066
fold 4 completet
Best classifyer LDA
Lda done 0.8459677419354839
fold 0 completet
Feture_twofold_Inderfold_4.json
SVM done 0.8123809523809524
Lda done 0.8038095238095239
DT done 0.8123809523809524
RF done 0.8219047619047619
fold 0 completet
SVM done 0.7354443309499489
Lda done 0.7088866189989785
DT done 0.7262512768130746
RF done 0.6956077630234934
fold 1 completet
SVM done 0.7884816753926701
Lda done 0.7361256544502618
DT done 0.7329842931937173
RF done 0.7769633507853403
fold 2 completet
SVM done 0.787
Lda done 0.763
DT done 0.803
RF done 0.756
fold 3 completet
SVM done 0.9737108190091001
Lda done 0.9120323559150657
DT done 0.8634984833164813
RF done 0.9666329625884732
fold 4 completet
Best classifyer SVM
SVM done 0.8429406850459482
fold 0 completet
