Running script...

paths found for loading
Spec_twofold_Inderfold_0.json
SVM done 0.8869109947643979
Lda done 0.8659685863874346
DT done 0.86282722513089
RF done 0.9434554973821989
fold 0 completet
SVM done 0.7964509394572025
Lda done 0.7734864300626305
DT done 0.7828810020876826
RF done 0.8538622129436325
fold 1 completet
SVM done 0.8829015544041451
Lda done 0.8331606217616581
DT done 0.7896373056994819
RF done 0.7989637305699482
fold 2 completet
SVM done 0.892
Lda done 0.882
DT done 0.836
RF done 0.898
fold 3 completet
SVM done 0.9239583333333333
Lda done 0.8927083333333333
DT done 0.821875
RF done 0.896875
fold 4 completet
Best classifyer RF
RF done 0.7915384615384615
fold 0 completet
Spec_twofold_Inderfold_1.json
SVM done 0.8207639569049952
Lda done 0.7933398628795298
DT done 0.7639569049951028
RF done 0.8090107737512243
fold 0 completet
SVM done 0.8123732251521298
Lda done 0.7667342799188641
DT done 0.6957403651115619
RF done 0.7363083164300203
fold 1 completet
SVM done 0.8341968911917098
Lda done 0.8217616580310881
DT done 0.738860103626943
RF done 0.7699481865284974
fold 2 completet
SVM done 0.9359104781281791
Lda done 0.8870803662258393
DT done 0.8382502543234995
RF done 0.9328585961342828
fold 3 completet
SVM done 0.7813504823151125
Lda done 0.7717041800643086
DT done 0.7717041800643086
RF done 0.7802786709539121
fold 4 completet
Best classifyer SVM
SVM done 0.8528
fold 0 completet
Spec_twofold_Inderfold_2.json
SVM done 0.713307240704501
Lda done 0.7035225048923679
DT done 0.6956947162426614
RF done 0.7436399217221135
fold 0 completet
SVM done 0.858
Lda done 0.872
DT done 0.842
RF done 0.895
fold 1 completet
SVM done 0.8990918264379415
Lda done 0.8950554994954592
DT done 0.829465186680121
RF done 0.9273461150353178
fold 2 completet
SVM done 0.8789144050104384
Lda done 0.8152400835073069
DT done 0.7317327766179541
RF done 0.7713987473903967
fold 3 completet
SVM done 0.786
Lda done 0.783
DT done 0.773
RF done 0.801
fold 4 completet
Best classifyer RF
RF done 0.8946015424164524
fold 0 completet
Spec_twofold_Inderfold_3.json
SVM done 0.833
Lda done 0.805
DT done 0.778
RF done 0.824
fold 0 completet
SVM done 0.7931034482758621
Lda done 0.7778904665314401
DT done 0.7647058823529411
RF done 0.8427991886409736
fold 1 completet
SVM done 0.792
Lda done 0.765
DT done 0.722
RF done 0.871
fold 2 completet
SVM done 0.7671794871794871
Lda done 0.7907692307692308
DT done 0.72
RF done 0.8246153846153846
fold 3 completet
SVM done 0.7863974495217854
Lda done 0.7481402763018066
DT done 0.7651434643995749
RF done 0.8267800212539851
fold 4 completet
Best classifyer RF
RF done 0.8810679611650486
fold 0 completet
Spec_twofold_Inderfold_4.json
SVM done 0.8571428571428571
Lda done 0.8666666666666667
DT done 0.82
RF done 0.8904761904761904
fold 0 completet
SVM done 0.8543589743589743
Lda done 0.8041025641025641
DT done 0.7569230769230769
RF done 0.7825641025641026
fold 1 completet
SVM done 0.8642629904559915
Lda done 0.8419936373276776
DT done 0.8303287380699894
RF done 0.9151643690349947
fold 2 completet
SVM done 0.8
Lda done 0.792
DT done 0.763
RF done 0.811
fold 3 completet
SVM done 0.950253807106599
Lda done 0.9411167512690355
DT done 0.8984771573604061
RF done 0.9725888324873097
fold 4 completet
Best classifyer RF
RF done 0.7527426160337553
fold 0 completet
