
------------------------------------------------------------
Sender: LSF System <lsfadmin@n-62-21-98>
Subject: Job 7097108: <hpc_script2> in cluster <dcc> Exited

Job <hpc_script2> was submitted from host <gbarlogin1> by user <s173934> in cluster <dcc> at Mon Jun  8 16:07:42 2020
Job was executed on host(s) <n-62-21-98>, in queue <hpc>, as user <s173934> in cluster <dcc> at Mon Jun  8 16:07:44 2020
</zhome/87/9/127623> was used as the home directory.
</zhome/87/9/127623/Fagprojekt/Fagprojekt2020> was used as the working directory.
Started at Mon Jun  8 16:07:44 2020
Terminated at Mon Jun  8 16:09:34 2020
Results reported at Mon Jun  8 16:09:34 2020

Your job looked like:

------------------------------------------------------------
# LSBATCH: User input
#!/bin/sh
#BSUB -J hpc_script2
#BSUB -o hpc_script2_%J.out
#BSUB -q hpc
#BSUB -n 1
#BSUB -R "rusage[mem=16G]"
#BSUB -R "span[hosts=1]"
#BSUB -W 5:00
# end of BSUB options

echo "Running script..."
source classifier-env/bin/activate
python3 Classifier_experimentOne_isUsable/classifier_experiment_isUsable.py

------------------------------------------------------------

TERM_OWNER: job killed by owner.
Exited with exit code 143.

Resource usage summary:

    CPU time :                                   98.00 sec.
    Max Memory :                                 10436 MB
    Average Memory :                             7394.67 MB
    Total Requested Memory :                     16384.00 MB
    Delta Memory :                               5948.00 MB
    Max Swap :                                   -
    Max Processes :                              4
    Max Threads :                                6
    Run time :                                   109 sec.
    Turnaround time :                            112 sec.

The output (if any) is above this job summary.

